  clsUtil.cpp
C:\Users\LENOVO\source\repos\OOP_Client\OOP_Client\clsString.h(39,25): warning C4267: 'return': conversion from 'size_t' to 'short', possible loss of data
  (compiling source file 'clsUtil.cpp')
  
C:\Users\LENOVO\source\repos\OOP_Client\OOP_Client\clsString.h(44,29): warning C4267: 'return': conversion from 'size_t' to 'short', possible loss of data
  (compiling source file 'clsUtil.cpp')
  
C:\Users\LENOVO\source\repos\OOP_Client\OOP_Client\clsString.h(56,30): warning C4267: '=': conversion from 'size_t' to 'short', possible loss of data
  (compiling source file 'clsUtil.cpp')
  
C:\Users\LENOVO\source\repos\OOP_Client\OOP_Client\clsString.h(193,29): warning C4267: 'return': conversion from 'size_t' to 'short', possible loss of data
  (compiling source file 'clsUtil.cpp')
  
C:\Users\LENOVO\source\repos\OOP_Client\OOP_Client\clsString.h(324,30): warning C4267: '=': conversion from 'size_t' to 'short', possible loss of data
  (compiling source file 'clsUtil.cpp')
  
C:\Users\LENOVO\source\repos\OOP_Client\OOP_Client\clsString.h(372,22): warning C4267: 'initializing': conversion from 'size_t' to 'short', possible loss of data
  (compiling source file 'clsUtil.cpp')
  
C:\Users\LENOVO\source\repos\OOP_Client\OOP_Client\clsUtil.h(64,5): warning C4102: 'defualt': unreferenced label
  (compiling source file 'clsUtil.cpp')
  
  OOP_Client.cpp
C:\Users\LENOVO\source\repos\OOP_Client\OOP_Client\clsString.h(39,25): warning C4267: 'return': conversion from 'size_t' to 'short', possible loss of data
  (compiling source file 'OOP_Client.cpp')
  
C:\Users\LENOVO\source\repos\OOP_Client\OOP_Client\clsString.h(44,29): warning C4267: 'return': conversion from 'size_t' to 'short', possible loss of data
  (compiling source file 'OOP_Client.cpp')
  
C:\Users\LENOVO\source\repos\OOP_Client\OOP_Client\clsString.h(56,30): warning C4267: '=': conversion from 'size_t' to 'short', possible loss of data
  (compiling source file 'OOP_Client.cpp')
  
C:\Users\LENOVO\source\repos\OOP_Client\OOP_Client\clsString.h(193,29): warning C4267: 'return': conversion from 'size_t' to 'short', possible loss of data
  (compiling source file 'OOP_Client.cpp')
  
C:\Users\LENOVO\source\repos\OOP_Client\OOP_Client\clsString.h(324,30): warning C4267: '=': conversion from 'size_t' to 'short', possible loss of data
  (compiling source file 'OOP_Client.cpp')
  
C:\Users\LENOVO\source\repos\OOP_Client\OOP_Client\clsString.h(372,22): warning C4267: 'initializing': conversion from 'size_t' to 'short', possible loss of data
  (compiling source file 'OOP_Client.cpp')
  
C:\Users\LENOVO\source\repos\OOP_Client\OOP_Client\clsUtil.h(64,5): warning C4102: 'defualt': unreferenced label
  (compiling source file 'OOP_Client.cpp')
  
C:\Users\LENOVO\source\repos\OOP_Client\OOP_Client\clsUser.h(189,12): warning C4240: nonstandard extension used: access to 'clsUser::stLoginRegisterRecord' now defined to be 'public', previously it was defined to be 'private'
  (compiling source file 'OOP_Client.cpp')
      C:\Users\LENOVO\source\repos\OOP_Client\OOP_Client\clsUser.h(24,12):
      see declaration of 'clsUser::stLoginRegisterRecord'
  
C:\Users\LENOVO\source\repos\OOP_Client\OOP_Client\clsInputValidate.h(112,16): warning C4244: 'initializing': conversion from 'double' to 'float', possible loss of data
  (compiling source file 'OOP_Client.cpp')
  
C:\Users\LENOVO\source\repos\OOP_Client\OOP_Client\clsInputValidate.h(116,26): warning C4244: '=': conversion from 'double' to 'float', possible loss of data
  (compiling source file 'OOP_Client.cpp')
  
C:\Users\LENOVO\source\repos\OOP_Client\OOP_Client\clsBankClient.h(210,12): warning C4240: nonstandard extension used: access to 'clsBankClient::stTrnsferLogRecord' now defined to be 'public', previously it was defined to be 'private'
  (compiling source file 'OOP_Client.cpp')
      C:\Users\LENOVO\source\repos\OOP_Client\OOP_Client\clsBankClient.h(155,12):
      see declaration of 'clsBankClient::stTrnsferLogRecord'
  
C:\Users\LENOVO\source\repos\OOP_Client\OOP_Client\clsBankClient.h(31,65): warning C4244: 'argument': conversion from 'double' to 'float', possible loss of data
  (compiling source file 'OOP_Client.cpp')
  
C:\Users\LENOVO\source\repos\OOP_Client\OOP_Client\clsBankClient.h(165,39): warning C4244: '=': conversion from 'double' to 'float', possible loss of data
  (compiling source file 'OOP_Client.cpp')
  
C:\Users\LENOVO\source\repos\OOP_Client\OOP_Client\clsBankClient.h(166,48): warning C4244: '=': conversion from 'double' to 'float', possible loss of data
  (compiling source file 'OOP_Client.cpp')
  
C:\Users\LENOVO\source\repos\OOP_Client\OOP_Client\clsBankClient.h(167,49): warning C4244: '=': conversion from 'double' to 'float', possible loss of data
  (compiling source file 'OOP_Client.cpp')
  
C:\Users\LENOVO\source\repos\OOP_Client\OOP_Client\clsBankClient.h(430,16): warning C4244: 'return': conversion from 'double' to 'float', possible loss of data
  (compiling source file 'OOP_Client.cpp')
  
C:\Users\LENOVO\source\repos\OOP_Client\OOP_Client\clsBankClient.h(436,28): warning C4244: '+=': conversion from 'double' to 'float', possible loss of data
  (compiling source file 'OOP_Client.cpp')
  
C:\Users\LENOVO\source\repos\OOP_Client\OOP_Client\clsBankClient.h(448,32): warning C4244: '-=': conversion from 'double' to 'float', possible loss of data
  (compiling source file 'OOP_Client.cpp')
  
C:\Users\LENOVO\source\repos\OOP_Client\OOP_Client\clsAddNewClientScreen.h(30,66): warning C4244: 'argument': conversion from 'double' to 'float', possible loss of data
  (compiling source file 'OOP_Client.cpp')
  
C:\Users\LENOVO\source\repos\OOP_Client\OOP_Client\clsUpdateCLientScreen.h(31,66): warning C4244: 'argument': conversion from 'double' to 'float', possible loss of data
  (compiling source file 'OOP_Client.cpp')
  
C:\Users\LENOVO\source\repos\OOP_Client\OOP_Client\clsTotalBalancesScreen.h(59,82): warning C4244: 'argument': conversion from 'double' to 'int', possible loss of data
  (compiling source file 'OOP_Client.cpp')
  
C:\Users\LENOVO\source\repos\OOP_Client\OOP_Client\clsTransferScreen.h(62,51): warning C4244: '=': conversion from 'double' to 'float', possible loss of data
  (compiling source file 'OOP_Client.cpp')
  
C:\Users\LENOVO\source\repos\OOP_Client\OOP_Client\clsTransferScreen.h(67,53): warning C4244: '=': conversion from 'double' to 'float', possible loss of data
  (compiling source file 'OOP_Client.cpp')
  
C:\Users\LENOVO\source\repos\OOP_Client\OOP_Client\clsCurrency.h(29,17): warning C4244: 'argument': conversion from 'double' to 'float', possible loss of data
  (compiling source file 'OOP_Client.cpp')
  
C:\Users\LENOVO\source\repos\OOP_Client\OOP_Client\clsUpdateCurrencyRateScreen.h(17,52): warning C4244: '=': conversion from 'double' to 'float', possible loss of data
  (compiling source file 'OOP_Client.cpp')
  
C:\Users\LENOVO\source\repos\OOP_Client\OOP_Client\clsCurrencyCalculatorScreen.h(17,51): warning C4244: '=': conversion from 'double' to 'float', possible loss of data
  (compiling source file 'OOP_Client.cpp')
  
  Generating Code...
C:\Users\LENOVO\source\repos\OOP_Client\OOP_Client\clsBankClient.h(376,1): warning C4715: 'clsBankClient::Save': not all control paths return a value
C:\Users\LENOVO\source\repos\OOP_Client\OOP_Client\clsUser.h(349,1): warning C4715: 'clsUser::Save': not all control paths return a value
  OOP_Client.vcxproj -> C:\Users\LENOVO\source\repos\OOP_Client\x64\Debug\OOP_Client.exe
